{"C:\\Users\\ALP\\Desktop\\Dersler\\Bilgisayar Mühendisliğinde Özel Konular\\mini-crm\\src\\config\\index.js": {"path":"C:\\Users\\ALP\\Desktop\\Dersler\\Bilgisayar Mühendisliğinde Özel Konular\\mini-crm\\src\\config\\index.js","statementMap":{"0":{"start":{"line":1,"column":0},"end":{"line":1,"column":27}},"1":{"start":{"line":3,"column":19},"end":{"line":11,"column":1}},"2":{"start":{"line":13,"column":0},"end":{"line":26,"column":2}}},"fnMap":{},"branchMap":{"0":{"loc":{"start":{"line":4,"column":12},"end":{"line":4,"column":45}},"type":"binary-expr","locations":[{"start":{"line":4,"column":12},"end":{"line":4,"column":31}},{"start":{"line":4,"column":35},"end":{"line":4,"column":45}}],"line":4},"1":{"loc":{"start":{"line":5,"column":12},"end":{"line":5,"column":39}},"type":"binary-expr","locations":[{"start":{"line":5,"column":12},"end":{"line":5,"column":31}},{"start":{"line":5,"column":35},"end":{"line":5,"column":39}}],"line":5},"2":{"loc":{"start":{"line":6,"column":12},"end":{"line":6,"column":45}},"type":"binary-expr","locations":[{"start":{"line":6,"column":12},"end":{"line":6,"column":31}},{"start":{"line":6,"column":35},"end":{"line":6,"column":45}}],"line":6},"3":{"loc":{"start":{"line":7,"column":8},"end":{"line":7,"column":42}},"type":"binary-expr","locations":[{"start":{"line":7,"column":8},"end":{"line":7,"column":27}},{"start":{"line":7,"column":31},"end":{"line":7,"column":42}}],"line":7},"4":{"loc":{"start":{"line":8,"column":8},"end":{"line":8,"column":35}},"type":"binary-expr","locations":[{"start":{"line":8,"column":8},"end":{"line":8,"column":27}},{"start":{"line":8,"column":31},"end":{"line":8,"column":35}}],"line":8},"5":{"loc":{"start":{"line":15,"column":10},"end":{"line":15,"column":38}},"type":"binary-expr","locations":[{"start":{"line":15,"column":10},"end":{"line":15,"column":30}},{"start":{"line":15,"column":34},"end":{"line":15,"column":38}}],"line":15},"6":{"loc":{"start":{"line":16,"column":9},"end":{"line":16,"column":46}},"type":"binary-expr","locations":[{"start":{"line":16,"column":9},"end":{"line":16,"column":29}},{"start":{"line":16,"column":33},"end":{"line":16,"column":46}}],"line":16},"7":{"loc":{"start":{"line":20,"column":11},"end":{"line":20,"column":42}},"type":"binary-expr","locations":[{"start":{"line":20,"column":11},"end":{"line":20,"column":32}},{"start":{"line":20,"column":36},"end":{"line":20,"column":42}}],"line":20}},"s":{"0":5,"1":5,"2":5},"f":{},"b":{"0":[5,0],"1":[5,0],"2":[5,0],"3":[5,0],"4":[5,0],"5":[5,0],"6":[5,0],"7":[5,0]},"_coverageSchema":"1a1c01bbd47fc00a2c39e90264f33305004495a9","hash":"efdc017de03c43596955e64d023c673c740bdea8"}
,"C:\\Users\\ALP\\Desktop\\Dersler\\Bilgisayar Mühendisliğinde Özel Konular\\mini-crm\\src\\lib\\logger.js": {"path":"C:\\Users\\ALP\\Desktop\\Dersler\\Bilgisayar Mühendisliğinde Özel Konular\\mini-crm\\src\\lib\\logger.js","statementMap":{"0":{"start":{"line":1,"column":45},"end":{"line":1,"column":63}},"1":{"start":{"line":2,"column":13},"end":{"line":2,"column":28}},"2":{"start":{"line":4,"column":18},"end":{"line":6,"column":2}},"3":{"start":{"line":5,"column":2},"end":{"line":5,"column":62}},"4":{"start":{"line":8,"column":15},"end":{"line":27,"column":2}},"5":{"start":{"line":29,"column":0},"end":{"line":29,"column":24}}},"fnMap":{"0":{"name":"(anonymous_0)","decl":{"start":{"line":4,"column":32},"end":{"line":4,"column":33}},"loc":{"start":{"line":4,"column":74},"end":{"line":6,"column":1}},"line":4}},"branchMap":{"0":{"loc":{"start":{"line":5,"column":48},"end":{"line":5,"column":59}},"type":"binary-expr","locations":[{"start":{"line":5,"column":48},"end":{"line":5,"column":53}},{"start":{"line":5,"column":57},"end":{"line":5,"column":59}}],"line":5}},"s":{"0":4,"1":4,"2":4,"3":70,"4":4,"5":4},"f":{"0":70},"b":{"0":[70,70]},"_coverageSchema":"1a1c01bbd47fc00a2c39e90264f33305004495a9","hash":"3914646de3ca5be6b00dc98b0a81301bb6ed9986"}
,"C:\\Users\\ALP\\Desktop\\Dersler\\Bilgisayar Mühendisliğinde Özel Konular\\mini-crm\\src\\models\\customer.js": {"path":"C:\\Users\\ALP\\Desktop\\Dersler\\Bilgisayar Mühendisliğinde Özel Konular\\mini-crm\\src\\models\\customer.js","statementMap":{"0":{"start":{"line":1,"column":0},"end":{"line":51,"column":2}},"1":{"start":{"line":2,"column":19},"end":{"line":48,"column":3}},"2":{"start":{"line":50,"column":2},"end":{"line":50,"column":18}}},"fnMap":{"0":{"name":"(anonymous_0)","decl":{"start":{"line":1,"column":17},"end":{"line":1,"column":18}},"loc":{"start":{"line":1,"column":43},"end":{"line":51,"column":1}},"line":1}},"branchMap":{},"s":{"0":5,"1":5,"2":5},"f":{"0":5},"b":{},"_coverageSchema":"1a1c01bbd47fc00a2c39e90264f33305004495a9","hash":"1830c62502bb5bfda77280a73f498833445f15f2"}
,"C:\\Users\\ALP\\Desktop\\Dersler\\Bilgisayar Mühendisliğinde Özel Konular\\mini-crm\\src\\models\\index.js": {"path":"C:\\Users\\ALP\\Desktop\\Dersler\\Bilgisayar Mühendisliğinde Özel Konular\\mini-crm\\src\\models\\index.js","statementMap":{"0":{"start":{"line":3,"column":11},"end":{"line":3,"column":24}},"1":{"start":{"line":4,"column":13},"end":{"line":4,"column":28}},"2":{"start":{"line":5,"column":18},"end":{"line":5,"column":38}},"3":{"start":{"line":6,"column":16},"end":{"line":6,"column":34}},"4":{"start":{"line":7,"column":17},"end":{"line":7,"column":42}},"5":{"start":{"line":8,"column":12},"end":{"line":8,"column":49}},"6":{"start":{"line":9,"column":15},"end":{"line":9,"column":53}},"7":{"start":{"line":10,"column":11},"end":{"line":10,"column":13}},"8":{"start":{"line":14,"column":0},"end":{"line":23,"column":1}},"9":{"start":{"line":15,"column":2},"end":{"line":15,"column":74}},"10":{"start":{"line":17,"column":2},"end":{"line":22,"column":4}},"11":{"start":{"line":25,"column":0},"end":{"line":40,"column":5}},"12":{"start":{"line":27,"column":4},"end":{"line":32,"column":6}},"13":{"start":{"line":35,"column":18},"end":{"line":38,"column":5}},"14":{"start":{"line":39,"column":4},"end":{"line":39,"column":27}},"15":{"start":{"line":42,"column":0},"end":{"line":46,"column":3}},"16":{"start":{"line":43,"column":2},"end":{"line":45,"column":3}},"17":{"start":{"line":44,"column":4},"end":{"line":44,"column":32}},"18":{"start":{"line":48,"column":0},"end":{"line":48,"column":25}},"19":{"start":{"line":49,"column":0},"end":{"line":49,"column":25}},"20":{"start":{"line":51,"column":0},"end":{"line":51,"column":20}}},"fnMap":{"0":{"name":"(anonymous_0)","decl":{"start":{"line":26,"column":10},"end":{"line":26,"column":11}},"loc":{"start":{"line":26,"column":20},"end":{"line":33,"column":3}},"line":26},"1":{"name":"(anonymous_1)","decl":{"start":{"line":34,"column":11},"end":{"line":34,"column":12}},"loc":{"start":{"line":34,"column":21},"end":{"line":40,"column":3}},"line":34},"2":{"name":"(anonymous_2)","decl":{"start":{"line":42,"column":24},"end":{"line":42,"column":25}},"loc":{"start":{"line":42,"column":39},"end":{"line":46,"column":1}},"line":42}},"branchMap":{"0":{"loc":{"start":{"line":8,"column":12},"end":{"line":8,"column":49}},"type":"binary-expr","locations":[{"start":{"line":8,"column":12},"end":{"line":8,"column":32}},{"start":{"line":8,"column":36},"end":{"line":8,"column":49}}],"line":8},"1":{"loc":{"start":{"line":14,"column":0},"end":{"line":23,"column":1}},"type":"if","locations":[{"start":{"line":14,"column":0},"end":{"line":23,"column":1}},{"start":{"line":16,"column":7},"end":{"line":23,"column":1}}],"line":14},"2":{"loc":{"start":{"line":28,"column":6},"end":{"line":31,"column":37}},"type":"binary-expr","locations":[{"start":{"line":28,"column":6},"end":{"line":28,"column":29}},{"start":{"line":29,"column":6},"end":{"line":29,"column":23}},{"start":{"line":30,"column":6},"end":{"line":30,"column":30}},{"start":{"line":31,"column":6},"end":{"line":31,"column":37}}],"line":28},"3":{"loc":{"start":{"line":43,"column":2},"end":{"line":45,"column":3}},"type":"if","locations":[{"start":{"line":43,"column":2},"end":{"line":45,"column":3}},{"start":{},"end":{}}],"line":43}},"s":{"0":5,"1":5,"2":5,"3":5,"4":5,"5":5,"6":5,"7":5,"8":5,"9":0,"10":5,"11":5,"12":25,"13":20,"14":20,"15":5,"16":20,"17":15,"18":5,"19":5,"20":5},"f":{"0":25,"1":20,"2":20},"b":{"0":[5,0],"1":[0,5],"2":[25,25,20,20],"3":[15,5]},"_coverageSchema":"1a1c01bbd47fc00a2c39e90264f33305004495a9","hash":"5985a726a1e326e90c5024caab1c52d1a7d689db"}
,"C:\\Users\\ALP\\Desktop\\Dersler\\Bilgisayar Mühendisliğinde Özel Konular\\mini-crm\\src\\models\\order.js": {"path":"C:\\Users\\ALP\\Desktop\\Dersler\\Bilgisayar Mühendisliğinde Özel Konular\\mini-crm\\src\\models\\order.js","statementMap":{"0":{"start":{"line":1,"column":0},"end":{"line":64,"column":2}},"1":{"start":{"line":2,"column":16},"end":{"line":47,"column":3}},"2":{"start":{"line":50,"column":2},"end":{"line":61,"column":4}},"3":{"start":{"line":52,"column":4},"end":{"line":55,"column":7}},"4":{"start":{"line":57,"column":4},"end":{"line":60,"column":7}},"5":{"start":{"line":63,"column":2},"end":{"line":63,"column":15}}},"fnMap":{"0":{"name":"(anonymous_0)","decl":{"start":{"line":1,"column":17},"end":{"line":1,"column":18}},"loc":{"start":{"line":1,"column":43},"end":{"line":64,"column":1}},"line":1},"1":{"name":"(anonymous_1)","decl":{"start":{"line":50,"column":20},"end":{"line":50,"column":21}},"loc":{"start":{"line":50,"column":38},"end":{"line":61,"column":3}},"line":50}},"branchMap":{},"s":{"0":5,"1":5,"2":5,"3":5,"4":5,"5":5},"f":{"0":5,"1":5},"b":{},"_coverageSchema":"1a1c01bbd47fc00a2c39e90264f33305004495a9","hash":"e6532f84a41a94fbdf31bfe7931dd7ba7c62c4e4"}
,"C:\\Users\\ALP\\Desktop\\Dersler\\Bilgisayar Mühendisliğinde Özel Konular\\mini-crm\\src\\models\\orderItem.js": {"path":"C:\\Users\\ALP\\Desktop\\Dersler\\Bilgisayar Mühendisliğinde Özel Konular\\mini-crm\\src\\models\\orderItem.js","statementMap":{"0":{"start":{"line":2,"column":18},"end":{"line":2,"column":38}},"1":{"start":{"line":4,"column":0},"end":{"line":30,"column":2}},"2":{"start":{"line":7,"column":6},"end":{"line":7,"column":80}},"3":{"start":{"line":8,"column":6},"end":{"line":11,"column":9}},"4":{"start":{"line":15,"column":2},"end":{"line":27,"column":4}},"5":{"start":{"line":29,"column":2},"end":{"line":29,"column":19}}},"fnMap":{"0":{"name":"(anonymous_0)","decl":{"start":{"line":4,"column":17},"end":{"line":4,"column":18}},"loc":{"start":{"line":4,"column":43},"end":{"line":30,"column":1}},"line":4},"1":{"name":"(anonymous_1)","decl":{"start":{"line":6,"column":4},"end":{"line":6,"column":5}},"loc":{"start":{"line":6,"column":29},"end":{"line":12,"column":5}},"line":6}},"branchMap":{},"s":{"0":5,"1":5,"2":5,"3":5,"4":5,"5":5},"f":{"0":5,"1":5},"b":{},"_coverageSchema":"1a1c01bbd47fc00a2c39e90264f33305004495a9","hash":"54d8978383c6fd7400375c5aa1cbc7932929e2c7"}
,"C:\\Users\\ALP\\Desktop\\Dersler\\Bilgisayar Mühendisliğinde Özel Konular\\mini-crm\\src\\models\\product.js": {"path":"C:\\Users\\ALP\\Desktop\\Dersler\\Bilgisayar Mühendisliğinde Özel Konular\\mini-crm\\src\\models\\product.js","statementMap":{"0":{"start":{"line":2,"column":18},"end":{"line":2,"column":38}},"1":{"start":{"line":4,"column":0},"end":{"line":48,"column":2}},"2":{"start":{"line":8,"column":2},"end":{"line":46,"column":4}},"3":{"start":{"line":47,"column":2},"end":{"line":47,"column":17}}},"fnMap":{"0":{"name":"(anonymous_0)","decl":{"start":{"line":4,"column":17},"end":{"line":4,"column":18}},"loc":{"start":{"line":4,"column":43},"end":{"line":48,"column":1}},"line":4},"1":{"name":"(anonymous_1)","decl":{"start":{"line":6,"column":4},"end":{"line":6,"column":5}},"loc":{"start":{"line":6,"column":29},"end":{"line":6,"column":31}},"line":6}},"branchMap":{},"s":{"0":5,"1":5,"2":5,"3":5},"f":{"0":5,"1":5},"b":{},"_coverageSchema":"1a1c01bbd47fc00a2c39e90264f33305004495a9","hash":"d3856c376ea7f0b2f318257ed3ba01e7c97853ee"}
,"C:\\Users\\ALP\\Desktop\\Dersler\\Bilgisayar Mühendisliğinde Özel Konular\\mini-crm\\src\\services\\customerService.js": {"path":"C:\\Users\\ALP\\Desktop\\Dersler\\Bilgisayar Mühendisliğinde Özel Konular\\mini-crm\\src\\services\\customerService.js","statementMap":{"0":{"start":{"line":1,"column":32},"end":{"line":1,"column":52}},"1":{"start":{"line":2,"column":15},"end":{"line":2,"column":24}},"2":{"start":{"line":3,"column":15},"end":{"line":3,"column":39}},"3":{"start":{"line":6,"column":2},"end":{"line":6,"column":26}},"4":{"start":{"line":6,"column":14},"end":{"line":6,"column":26}},"5":{"start":{"line":7,"column":16},"end":{"line":7,"column":40}},"6":{"start":{"line":8,"column":2},"end":{"line":8,"column":59}},"7":{"start":{"line":8,"column":32},"end":{"line":8,"column":59}},"8":{"start":{"line":9,"column":2},"end":{"line":9,"column":58}},"9":{"start":{"line":9,"column":31},"end":{"line":9,"column":58}},"10":{"start":{"line":10,"column":2},"end":{"line":10,"column":48}},"11":{"start":{"line":14,"column":2},"end":{"line":24,"column":3}},"12":{"start":{"line":15,"column":22},"end":{"line":18,"column":6}},"13":{"start":{"line":19,"column":4},"end":{"line":19,"column":75}},"14":{"start":{"line":20,"column":4},"end":{"line":20,"column":21}},"15":{"start":{"line":22,"column":4},"end":{"line":22,"column":58}},"16":{"start":{"line":23,"column":4},"end":{"line":23,"column":16}},"17":{"start":{"line":28,"column":2},"end":{"line":37,"column":3}},"18":{"start":{"line":29,"column":21},"end":{"line":29,"column":48}},"19":{"start":{"line":30,"column":4},"end":{"line":32,"column":5}},"20":{"start":{"line":31,"column":6},"end":{"line":31,"column":61}},"21":{"start":{"line":33,"column":4},"end":{"line":33,"column":20}},"22":{"start":{"line":35,"column":4},"end":{"line":35,"column":60}},"23":{"start":{"line":36,"column":4},"end":{"line":36,"column":16}},"24":{"start":{"line":41,"column":2},"end":{"line":71,"column":3}},"25":{"start":{"line":42,"column":4},"end":{"line":44,"column":5}},"26":{"start":{"line":43,"column":6},"end":{"line":43,"column":52}},"27":{"start":{"line":46,"column":19},"end":{"line":46,"column":21}},"28":{"start":{"line":47,"column":4},"end":{"line":47,"column":61}},"29":{"start":{"line":47,"column":23},"end":{"line":47,"column":61}},"30":{"start":{"line":48,"column":4},"end":{"line":48,"column":61}},"31":{"start":{"line":48,"column":23},"end":{"line":48,"column":61}},"32":{"start":{"line":50,"column":4},"end":{"line":63,"column":5}},"33":{"start":{"line":51,"column":31},"end":{"line":55,"column":8}},"34":{"start":{"line":57,"column":6},"end":{"line":62,"column":7}},"35":{"start":{"line":58,"column":8},"end":{"line":60,"column":10}},"36":{"start":{"line":61,"column":8},"end":{"line":61,"column":76}},"37":{"start":{"line":65,"column":21},"end":{"line":65,"column":51}},"38":{"start":{"line":66,"column":4},"end":{"line":66,"column":79}},"39":{"start":{"line":67,"column":4},"end":{"line":67,"column":20}},"40":{"start":{"line":69,"column":4},"end":{"line":69,"column":59}},"41":{"start":{"line":70,"column":4},"end":{"line":70,"column":16}},"42":{"start":{"line":75,"column":2},"end":{"line":93,"column":3}},"43":{"start":{"line":76,"column":21},"end":{"line":76,"column":48}},"44":{"start":{"line":77,"column":4},"end":{"line":80,"column":5}},"45":{"start":{"line":78,"column":6},"end":{"line":78,"column":64}},"46":{"start":{"line":79,"column":6},"end":{"line":79,"column":18}},"47":{"start":{"line":82,"column":4},"end":{"line":84,"column":5}},"48":{"start":{"line":83,"column":6},"end":{"line":83,"column":52}},"49":{"start":{"line":86,"column":4},"end":{"line":86,"column":35}},"50":{"start":{"line":87,"column":4},"end":{"line":87,"column":46}},"51":{"start":{"line":89,"column":4},"end":{"line":89,"column":20}},"52":{"start":{"line":91,"column":4},"end":{"line":91,"column":59}},"53":{"start":{"line":92,"column":4},"end":{"line":92,"column":16}},"54":{"start":{"line":97,"column":2},"end":{"line":111,"column":3}},"55":{"start":{"line":98,"column":21},"end":{"line":98,"column":48}},"56":{"start":{"line":99,"column":4},"end":{"line":102,"column":5}},"57":{"start":{"line":100,"column":6},"end":{"line":100,"column":64}},"58":{"start":{"line":101,"column":6},"end":{"line":101,"column":18}},"59":{"start":{"line":104,"column":4},"end":{"line":104,"column":29}},"60":{"start":{"line":105,"column":4},"end":{"line":105,"column":46}},"61":{"start":{"line":107,"column":4},"end":{"line":107,"column":16}},"62":{"start":{"line":109,"column":4},"end":{"line":109,"column":59}},"63":{"start":{"line":110,"column":4},"end":{"line":110,"column":16}},"64":{"start":{"line":114,"column":0},"end":{"line":120,"column":2}}},"fnMap":{"0":{"name":"normalizePhone","decl":{"start":{"line":5,"column":9},"end":{"line":5,"column":23}},"loc":{"start":{"line":5,"column":31},"end":{"line":11,"column":1}},"line":5},"1":{"name":"listCustomers","decl":{"start":{"line":13,"column":15},"end":{"line":13,"column":28}},"loc":{"start":{"line":13,"column":31},"end":{"line":25,"column":1}},"line":13},"2":{"name":"getCustomerById","decl":{"start":{"line":27,"column":15},"end":{"line":27,"column":30}},"loc":{"start":{"line":27,"column":35},"end":{"line":38,"column":1}},"line":27},"3":{"name":"createCustomer","decl":{"start":{"line":40,"column":15},"end":{"line":40,"column":29}},"loc":{"start":{"line":40,"column":39},"end":{"line":72,"column":1}},"line":40},"4":{"name":"updateCustomer","decl":{"start":{"line":74,"column":15},"end":{"line":74,"column":29}},"loc":{"start":{"line":74,"column":43},"end":{"line":94,"column":1}},"line":74},"5":{"name":"deleteCustomer","decl":{"start":{"line":96,"column":15},"end":{"line":96,"column":29}},"loc":{"start":{"line":96,"column":34},"end":{"line":112,"column":1}},"line":96}},"branchMap":{"0":{"loc":{"start":{"line":6,"column":2},"end":{"line":6,"column":26}},"type":"if","locations":[{"start":{"line":6,"column":2},"end":{"line":6,"column":26}},{"start":{},"end":{}}],"line":6},"1":{"loc":{"start":{"line":8,"column":2},"end":{"line":8,"column":59}},"type":"if","locations":[{"start":{"line":8,"column":2},"end":{"line":8,"column":59}},{"start":{},"end":{}}],"line":8},"2":{"loc":{"start":{"line":9,"column":2},"end":{"line":9,"column":58}},"type":"if","locations":[{"start":{"line":9,"column":2},"end":{"line":9,"column":58}},{"start":{},"end":{}}],"line":9},"3":{"loc":{"start":{"line":10,"column":9},"end":{"line":10,"column":47}},"type":"cond-expr","locations":[{"start":{"line":10,"column":33},"end":{"line":10,"column":40}},{"start":{"line":10,"column":43},"end":{"line":10,"column":47}}],"line":10},"4":{"loc":{"start":{"line":30,"column":4},"end":{"line":32,"column":5}},"type":"if","locations":[{"start":{"line":30,"column":4},"end":{"line":32,"column":5}},{"start":{},"end":{}}],"line":30},"5":{"loc":{"start":{"line":42,"column":4},"end":{"line":44,"column":5}},"type":"if","locations":[{"start":{"line":42,"column":4},"end":{"line":44,"column":5}},{"start":{},"end":{}}],"line":42},"6":{"loc":{"start":{"line":47,"column":4},"end":{"line":47,"column":61}},"type":"if","locations":[{"start":{"line":47,"column":4},"end":{"line":47,"column":61}},{"start":{},"end":{}}],"line":47},"7":{"loc":{"start":{"line":48,"column":4},"end":{"line":48,"column":61}},"type":"if","locations":[{"start":{"line":48,"column":4},"end":{"line":48,"column":61}},{"start":{},"end":{}}],"line":48},"8":{"loc":{"start":{"line":50,"column":4},"end":{"line":63,"column":5}},"type":"if","locations":[{"start":{"line":50,"column":4},"end":{"line":63,"column":5}},{"start":{},"end":{}}],"line":50},"9":{"loc":{"start":{"line":57,"column":6},"end":{"line":62,"column":7}},"type":"if","locations":[{"start":{"line":57,"column":6},"end":{"line":62,"column":7}},{"start":{},"end":{}}],"line":57},"10":{"loc":{"start":{"line":77,"column":4},"end":{"line":80,"column":5}},"type":"if","locations":[{"start":{"line":77,"column":4},"end":{"line":80,"column":5}},{"start":{},"end":{}}],"line":77},"11":{"loc":{"start":{"line":82,"column":4},"end":{"line":84,"column":5}},"type":"if","locations":[{"start":{"line":82,"column":4},"end":{"line":84,"column":5}},{"start":{},"end":{}}],"line":82},"12":{"loc":{"start":{"line":99,"column":4},"end":{"line":102,"column":5}},"type":"if","locations":[{"start":{"line":99,"column":4},"end":{"line":102,"column":5}},{"start":{},"end":{}}],"line":99}},"s":{"0":2,"1":2,"2":2,"3":12,"4":0,"5":12,"6":12,"7":0,"8":12,"9":5,"10":12,"11":1,"12":1,"13":1,"14":1,"15":0,"16":0,"17":0,"18":0,"19":0,"20":0,"21":0,"22":0,"23":0,"24":12,"25":12,"26":12,"27":12,"28":12,"29":11,"30":12,"31":12,"32":12,"33":12,"34":12,"35":4,"36":4,"37":8,"38":7,"39":7,"40":5,"41":5,"42":0,"43":0,"44":0,"45":0,"46":0,"47":0,"48":0,"49":0,"50":0,"51":0,"52":0,"53":0,"54":0,"55":0,"56":0,"57":0,"58":0,"59":0,"60":0,"61":0,"62":0,"63":0,"64":2},"f":{"0":12,"1":1,"2":0,"3":12,"4":0,"5":0},"b":{"0":[0,12],"1":[0,12],"2":[5,7],"3":[12,0],"4":[0,0],"5":[12,0],"6":[11,1],"7":[12,0],"8":[12,0],"9":[4,8],"10":[0,0],"11":[0,0],"12":[0,0]},"_coverageSchema":"1a1c01bbd47fc00a2c39e90264f33305004495a9","hash":"f9046cff2f289318c1873f6bd68623542c06bb53"}
,"C:\\Users\\ALP\\Desktop\\Dersler\\Bilgisayar Mühendisliğinde Özel Konular\\mini-crm\\src\\services\\orderService.js": {"path":"C:\\Users\\ALP\\Desktop\\Dersler\\Bilgisayar Mühendisliğinde Özel Konular\\mini-crm\\src\\services\\orderService.js","statementMap":{"0":{"start":{"line":1,"column":50},"end":{"line":1,"column":70}},"1":{"start":{"line":2,"column":23},"end":{"line":2,"column":50}},"2":{"start":{"line":3,"column":15},"end":{"line":3,"column":39}},"3":{"start":{"line":6,"column":20},"end":{"line":6,"column":25}},"4":{"start":{"line":7,"column":22},"end":{"line":7,"column":51}},"5":{"start":{"line":9,"column":2},"end":{"line":91,"column":3}},"6":{"start":{"line":10,"column":21},"end":{"line":10,"column":39}},"7":{"start":{"line":12,"column":4},"end":{"line":26,"column":5}},"8":{"start":{"line":13,"column":6},"end":{"line":25,"column":7}},"9":{"start":{"line":14,"column":28},"end":{"line":16,"column":10}},"10":{"start":{"line":17,"column":8},"end":{"line":17,"column":36}},"11":{"start":{"line":19,"column":8},"end":{"line":23,"column":9}},"12":{"start":{"line":20,"column":10},"end":{"line":22,"column":12}},"13":{"start":{"line":24,"column":8},"end":{"line":24,"column":20}},"14":{"start":{"line":28,"column":4},"end":{"line":30,"column":5}},"15":{"start":{"line":29,"column":6},"end":{"line":29,"column":42}},"16":{"start":{"line":32,"column":22},"end":{"line":32,"column":23}},"17":{"start":{"line":33,"column":27},"end":{"line":33,"column":29}},"18":{"start":{"line":35,"column":4},"end":{"line":55,"column":5}},"19":{"start":{"line":36,"column":6},"end":{"line":52,"column":7}},"20":{"start":{"line":37,"column":24},"end":{"line":40,"column":9}},"21":{"start":{"line":42,"column":29},"end":{"line":44,"column":37}},"22":{"start":{"line":45,"column":8},"end":{"line":45,"column":52}},"23":{"start":{"line":47,"column":8},"end":{"line":51,"column":11}},"24":{"start":{"line":53,"column":11},"end":{"line":55,"column":5}},"25":{"start":{"line":54,"column":6},"end":{"line":54,"column":40}},"26":{"start":{"line":57,"column":18},"end":{"line":64,"column":5}},"27":{"start":{"line":66,"column":27},"end":{"line":66,"column":29}},"28":{"start":{"line":67,"column":4},"end":{"line":74,"column":5}},"29":{"start":{"line":68,"column":6},"end":{"line":71,"column":10}},"30":{"start":{"line":68,"column":55},"end":{"line":71,"column":7}},"31":{"start":{"line":73,"column":6},"end":{"line":73,"column":68}},"32":{"start":{"line":76,"column":4},"end":{"line":76,"column":31}},"33":{"start":{"line":77,"column":4},"end":{"line":77,"column":23}},"34":{"start":{"line":79,"column":4},"end":{"line":81,"column":6}},"35":{"start":{"line":83,"column":4},"end":{"line":83,"column":46}},"36":{"start":{"line":84,"column":4},"end":{"line":84,"column":17}},"37":{"start":{"line":86,"column":4},"end":{"line":88,"column":5}},"38":{"start":{"line":87,"column":6},"end":{"line":87,"column":35}},"39":{"start":{"line":89,"column":4},"end":{"line":89,"column":56}},"40":{"start":{"line":90,"column":4},"end":{"line":90,"column":16}},"41":{"start":{"line":95,"column":2},"end":{"line":121,"column":3}},"42":{"start":{"line":96,"column":18},"end":{"line":96,"column":20}},"43":{"start":{"line":97,"column":4},"end":{"line":97,"column":52}},"44":{"start":{"line":97,"column":23},"end":{"line":97,"column":52}},"45":{"start":{"line":98,"column":4},"end":{"line":98,"column":64}},"46":{"start":{"line":98,"column":27},"end":{"line":98,"column":64}},"47":{"start":{"line":100,"column":19},"end":{"line":114,"column":6}},"48":{"start":{"line":116,"column":4},"end":{"line":116,"column":69}},"49":{"start":{"line":117,"column":4},"end":{"line":117,"column":18}},"50":{"start":{"line":119,"column":4},"end":{"line":119,"column":55}},"51":{"start":{"line":120,"column":4},"end":{"line":120,"column":16}},"52":{"start":{"line":125,"column":2},"end":{"line":141,"column":3}},"53":{"start":{"line":126,"column":18},"end":{"line":131,"column":6}},"54":{"start":{"line":133,"column":4},"end":{"line":135,"column":5}},"55":{"start":{"line":134,"column":6},"end":{"line":134,"column":58}},"56":{"start":{"line":137,"column":4},"end":{"line":137,"column":17}},"57":{"start":{"line":139,"column":4},"end":{"line":139,"column":57}},"58":{"start":{"line":140,"column":4},"end":{"line":140,"column":16}},"59":{"start":{"line":145,"column":2},"end":{"line":162,"column":3}},"60":{"start":{"line":146,"column":18},"end":{"line":146,"column":42}},"61":{"start":{"line":147,"column":4},"end":{"line":150,"column":5}},"62":{"start":{"line":148,"column":6},"end":{"line":148,"column":61}},"63":{"start":{"line":149,"column":6},"end":{"line":149,"column":18}},"64":{"start":{"line":152,"column":4},"end":{"line":154,"column":5}},"65":{"start":{"line":153,"column":6},"end":{"line":153,"column":36}},"66":{"start":{"line":156,"column":4},"end":{"line":156,"column":23}},"67":{"start":{"line":157,"column":4},"end":{"line":157,"column":70}},"68":{"start":{"line":158,"column":4},"end":{"line":158,"column":17}},"69":{"start":{"line":160,"column":4},"end":{"line":160,"column":56}},"70":{"start":{"line":161,"column":4},"end":{"line":161,"column":16}},"71":{"start":{"line":166,"column":2},"end":{"line":178,"column":3}},"72":{"start":{"line":167,"column":18},"end":{"line":167,"column":42}},"73":{"start":{"line":168,"column":4},"end":{"line":171,"column":5}},"74":{"start":{"line":169,"column":6},"end":{"line":169,"column":61}},"75":{"start":{"line":170,"column":6},"end":{"line":170,"column":18}},"76":{"start":{"line":172,"column":4},"end":{"line":172,"column":26}},"77":{"start":{"line":173,"column":4},"end":{"line":173,"column":43}},"78":{"start":{"line":174,"column":4},"end":{"line":174,"column":16}},"79":{"start":{"line":176,"column":4},"end":{"line":176,"column":56}},"80":{"start":{"line":177,"column":4},"end":{"line":177,"column":16}},"81":{"start":{"line":181,"column":0},"end":{"line":187,"column":2}}},"fnMap":{"0":{"name":"createOrder","decl":{"start":{"line":5,"column":15},"end":{"line":5,"column":26}},"loc":{"start":{"line":5,"column":36},"end":{"line":92,"column":1}},"line":5},"1":{"name":"(anonymous_1)","decl":{"start":{"line":68,"column":44},"end":{"line":68,"column":45}},"loc":{"start":{"line":68,"column":55},"end":{"line":71,"column":7}},"line":68},"2":{"name":"listOrders","decl":{"start":{"line":94,"column":15},"end":{"line":94,"column":25}},"loc":{"start":{"line":94,"column":39},"end":{"line":122,"column":1}},"line":94},"3":{"name":"getOrderById","decl":{"start":{"line":124,"column":15},"end":{"line":124,"column":27}},"loc":{"start":{"line":124,"column":32},"end":{"line":142,"column":1}},"line":124},"4":{"name":"updateOrder","decl":{"start":{"line":144,"column":15},"end":{"line":144,"column":26}},"loc":{"start":{"line":144,"column":40},"end":{"line":163,"column":1}},"line":144},"5":{"name":"deleteOrder","decl":{"start":{"line":165,"column":15},"end":{"line":165,"column":26}},"loc":{"start":{"line":165,"column":31},"end":{"line":179,"column":1}},"line":165}},"branchMap":{"0":{"loc":{"start":{"line":12,"column":4},"end":{"line":26,"column":5}},"type":"if","locations":[{"start":{"line":12,"column":4},"end":{"line":26,"column":5}},{"start":{},"end":{}}],"line":12},"1":{"loc":{"start":{"line":12,"column":8},"end":{"line":12,"column":39}},"type":"binary-expr","locations":[{"start":{"line":12,"column":8},"end":{"line":12,"column":19}},{"start":{"line":12,"column":23},"end":{"line":12,"column":39}}],"line":12},"2":{"loc":{"start":{"line":19,"column":8},"end":{"line":23,"column":9}},"type":"if","locations":[{"start":{"line":19,"column":8},"end":{"line":23,"column":9}},{"start":{},"end":{}}],"line":19},"3":{"loc":{"start":{"line":28,"column":4},"end":{"line":30,"column":5}},"type":"if","locations":[{"start":{"line":28,"column":4},"end":{"line":30,"column":5}},{"start":{},"end":{}}],"line":28},"4":{"loc":{"start":{"line":35,"column":4},"end":{"line":55,"column":5}},"type":"if","locations":[{"start":{"line":35,"column":4},"end":{"line":55,"column":5}},{"start":{"line":53,"column":11},"end":{"line":55,"column":5}}],"line":35},"5":{"loc":{"start":{"line":35,"column":8},"end":{"line":35,"column":49}},"type":"binary-expr","locations":[{"start":{"line":35,"column":8},"end":{"line":35,"column":21}},{"start":{"line":35,"column":25},"end":{"line":35,"column":49}}],"line":35},"6":{"loc":{"start":{"line":42,"column":29},"end":{"line":44,"column":37}},"type":"cond-expr","locations":[{"start":{"line":43,"column":12},"end":{"line":43,"column":38}},{"start":{"line":44,"column":12},"end":{"line":44,"column":37}}],"line":42},"7":{"loc":{"start":{"line":53,"column":11},"end":{"line":55,"column":5}},"type":"if","locations":[{"start":{"line":53,"column":11},"end":{"line":55,"column":5}},{"start":{},"end":{}}],"line":53},"8":{"loc":{"start":{"line":61,"column":16},"end":{"line":61,"column":43}},"type":"binary-expr","locations":[{"start":{"line":61,"column":16},"end":{"line":61,"column":30}},{"start":{"line":61,"column":34},"end":{"line":61,"column":43}}],"line":61},"9":{"loc":{"start":{"line":67,"column":4},"end":{"line":74,"column":5}},"type":"if","locations":[{"start":{"line":67,"column":4},"end":{"line":74,"column":5}},{"start":{},"end":{}}],"line":67},"10":{"loc":{"start":{"line":86,"column":4},"end":{"line":88,"column":5}},"type":"if","locations":[{"start":{"line":86,"column":4},"end":{"line":88,"column":5}},{"start":{},"end":{}}],"line":86},"11":{"loc":{"start":{"line":86,"column":8},"end":{"line":86,"column":45}},"type":"binary-expr","locations":[{"start":{"line":86,"column":8},"end":{"line":86,"column":20}},{"start":{"line":86,"column":24},"end":{"line":86,"column":45}}],"line":86},"12":{"loc":{"start":{"line":94,"column":26},"end":{"line":94,"column":37}},"type":"default-arg","locations":[{"start":{"line":94,"column":35},"end":{"line":94,"column":37}}],"line":94},"13":{"loc":{"start":{"line":97,"column":4},"end":{"line":97,"column":52}},"type":"if","locations":[{"start":{"line":97,"column":4},"end":{"line":97,"column":52}},{"start":{},"end":{}}],"line":97},"14":{"loc":{"start":{"line":98,"column":4},"end":{"line":98,"column":64}},"type":"if","locations":[{"start":{"line":98,"column":4},"end":{"line":98,"column":64}},{"start":{},"end":{}}],"line":98},"15":{"loc":{"start":{"line":133,"column":4},"end":{"line":135,"column":5}},"type":"if","locations":[{"start":{"line":133,"column":4},"end":{"line":135,"column":5}},{"start":{},"end":{}}],"line":133},"16":{"loc":{"start":{"line":147,"column":4},"end":{"line":150,"column":5}},"type":"if","locations":[{"start":{"line":147,"column":4},"end":{"line":150,"column":5}},{"start":{},"end":{}}],"line":147},"17":{"loc":{"start":{"line":152,"column":4},"end":{"line":154,"column":5}},"type":"if","locations":[{"start":{"line":152,"column":4},"end":{"line":154,"column":5}},{"start":{},"end":{}}],"line":152},"18":{"loc":{"start":{"line":168,"column":4},"end":{"line":171,"column":5}},"type":"if","locations":[{"start":{"line":168,"column":4},"end":{"line":171,"column":5}},{"start":{},"end":{}}],"line":168}},"s":{"0":1,"1":1,"2":1,"3":3,"4":3,"5":3,"6":3,"7":3,"8":3,"9":3,"10":2,"11":1,"12":1,"13":0,"14":2,"15":0,"16":2,"17":2,"18":2,"19":2,"20":2,"21":1,"22":1,"23":1,"24":0,"25":0,"26":1,"27":1,"28":1,"29":1,"30":1,"31":1,"32":1,"33":1,"34":1,"35":1,"36":1,"37":2,"38":2,"39":2,"40":2,"41":1,"42":1,"43":1,"44":0,"45":1,"46":1,"47":1,"48":1,"49":1,"50":0,"51":0,"52":0,"53":0,"54":0,"55":0,"56":0,"57":0,"58":0,"59":0,"60":0,"61":0,"62":0,"63":0,"64":0,"65":0,"66":0,"67":0,"68":0,"69":0,"70":0,"71":0,"72":0,"73":0,"74":0,"75":0,"76":0,"77":0,"78":0,"79":0,"80":0,"81":1},"f":{"0":3,"1":1,"2":1,"3":0,"4":0,"5":0},"b":{"0":[3,0],"1":[3,3],"2":[1,0],"3":[0,2],"4":[2,0],"5":[2,2],"6":[0,1],"7":[0,0],"8":[1,1],"9":[1,0],"10":[2,0],"11":[2,2],"12":[0],"13":[0,1],"14":[1,0],"15":[0,0],"16":[0,0],"17":[0,0],"18":[0,0]},"_coverageSchema":"1a1c01bbd47fc00a2c39e90264f33305004495a9","hash":"4ced8079ef36e0defff33963796c60874a9d7504"}
,"C:\\Users\\ALP\\Desktop\\Dersler\\Bilgisayar Mühendisliğinde Özel Konular\\mini-crm\\src\\services\\productService.js": {"path":"C:\\Users\\ALP\\Desktop\\Dersler\\Bilgisayar Mühendisliğinde Özel Konular\\mini-crm\\src\\services\\productService.js","statementMap":{"0":{"start":{"line":1,"column":20},"end":{"line":1,"column":40}},"1":{"start":{"line":2,"column":15},"end":{"line":2,"column":39}},"2":{"start":{"line":5,"column":2},"end":{"line":14,"column":3}},"3":{"start":{"line":6,"column":20},"end":{"line":6,"column":49}},"4":{"start":{"line":7,"column":4},"end":{"line":9,"column":6}},"5":{"start":{"line":10,"column":4},"end":{"line":10,"column":19}},"6":{"start":{"line":12,"column":4},"end":{"line":12,"column":58}},"7":{"start":{"line":13,"column":4},"end":{"line":13,"column":16}},"8":{"start":{"line":18,"column":2},"end":{"line":27,"column":3}},"9":{"start":{"line":19,"column":21},"end":{"line":21,"column":6}},"10":{"start":{"line":22,"column":4},"end":{"line":22,"column":73}},"11":{"start":{"line":23,"column":4},"end":{"line":23,"column":20}},"12":{"start":{"line":25,"column":4},"end":{"line":25,"column":57}},"13":{"start":{"line":26,"column":4},"end":{"line":26,"column":16}},"14":{"start":{"line":31,"column":2},"end":{"line":40,"column":3}},"15":{"start":{"line":32,"column":20},"end":{"line":32,"column":46}},"16":{"start":{"line":33,"column":4},"end":{"line":35,"column":5}},"17":{"start":{"line":34,"column":6},"end":{"line":34,"column":60}},"18":{"start":{"line":36,"column":4},"end":{"line":36,"column":19}},"19":{"start":{"line":38,"column":4},"end":{"line":38,"column":59}},"20":{"start":{"line":39,"column":4},"end":{"line":39,"column":16}},"21":{"start":{"line":44,"column":2},"end":{"line":75,"column":3}},"22":{"start":{"line":45,"column":20},"end":{"line":45,"column":53}},"23":{"start":{"line":46,"column":4},"end":{"line":49,"column":5}},"24":{"start":{"line":47,"column":6},"end":{"line":47,"column":76}},"25":{"start":{"line":48,"column":6},"end":{"line":48,"column":41}},"26":{"start":{"line":51,"column":4},"end":{"line":56,"column":5}},"27":{"start":{"line":52,"column":6},"end":{"line":54,"column":8}},"28":{"start":{"line":55,"column":6},"end":{"line":55,"column":21}},"29":{"start":{"line":58,"column":4},"end":{"line":63,"column":5}},"30":{"start":{"line":59,"column":6},"end":{"line":61,"column":8}},"31":{"start":{"line":62,"column":6},"end":{"line":62,"column":43}},"32":{"start":{"line":65,"column":4},"end":{"line":65,"column":30}},"33":{"start":{"line":66,"column":4},"end":{"line":66,"column":25}},"34":{"start":{"line":68,"column":4},"end":{"line":70,"column":6}},"35":{"start":{"line":71,"column":4},"end":{"line":71,"column":19}},"36":{"start":{"line":73,"column":4},"end":{"line":73,"column":58}},"37":{"start":{"line":74,"column":4},"end":{"line":74,"column":16}},"38":{"start":{"line":79,"column":2},"end":{"line":92,"column":3}},"39":{"start":{"line":80,"column":20},"end":{"line":80,"column":46}},"40":{"start":{"line":81,"column":4},"end":{"line":84,"column":5}},"41":{"start":{"line":82,"column":6},"end":{"line":82,"column":63}},"42":{"start":{"line":83,"column":6},"end":{"line":83,"column":18}},"43":{"start":{"line":86,"column":4},"end":{"line":86,"column":34}},"44":{"start":{"line":87,"column":4},"end":{"line":87,"column":45}},"45":{"start":{"line":88,"column":4},"end":{"line":88,"column":19}},"46":{"start":{"line":90,"column":4},"end":{"line":90,"column":58}},"47":{"start":{"line":91,"column":4},"end":{"line":91,"column":16}},"48":{"start":{"line":96,"column":2},"end":{"line":109,"column":3}},"49":{"start":{"line":97,"column":20},"end":{"line":97,"column":46}},"50":{"start":{"line":98,"column":4},"end":{"line":101,"column":5}},"51":{"start":{"line":99,"column":6},"end":{"line":99,"column":63}},"52":{"start":{"line":100,"column":6},"end":{"line":100,"column":18}},"53":{"start":{"line":103,"column":4},"end":{"line":103,"column":28}},"54":{"start":{"line":104,"column":4},"end":{"line":104,"column":45}},"55":{"start":{"line":105,"column":4},"end":{"line":105,"column":16}},"56":{"start":{"line":107,"column":4},"end":{"line":107,"column":58}},"57":{"start":{"line":108,"column":4},"end":{"line":108,"column":16}},"58":{"start":{"line":112,"column":0},"end":{"line":119,"column":2}}},"fnMap":{"0":{"name":"createProduct","decl":{"start":{"line":4,"column":15},"end":{"line":4,"column":28}},"loc":{"start":{"line":4,"column":38},"end":{"line":15,"column":1}},"line":4},"1":{"name":"listProducts","decl":{"start":{"line":17,"column":15},"end":{"line":17,"column":27}},"loc":{"start":{"line":17,"column":30},"end":{"line":28,"column":1}},"line":17},"2":{"name":"getProductById","decl":{"start":{"line":30,"column":15},"end":{"line":30,"column":29}},"loc":{"start":{"line":30,"column":34},"end":{"line":41,"column":1}},"line":30},"3":{"name":"decreaseStock","decl":{"start":{"line":43,"column":15},"end":{"line":43,"column":28}},"loc":{"start":{"line":43,"column":50},"end":{"line":76,"column":1}},"line":43},"4":{"name":"updateProduct","decl":{"start":{"line":78,"column":15},"end":{"line":78,"column":28}},"loc":{"start":{"line":78,"column":42},"end":{"line":93,"column":1}},"line":78},"5":{"name":"deleteProduct","decl":{"start":{"line":95,"column":15},"end":{"line":95,"column":28}},"loc":{"start":{"line":95,"column":33},"end":{"line":110,"column":1}},"line":95}},"branchMap":{"0":{"loc":{"start":{"line":33,"column":4},"end":{"line":35,"column":5}},"type":"if","locations":[{"start":{"line":33,"column":4},"end":{"line":35,"column":5}},{"start":{},"end":{}}],"line":33},"1":{"loc":{"start":{"line":46,"column":4},"end":{"line":49,"column":5}},"type":"if","locations":[{"start":{"line":46,"column":4},"end":{"line":49,"column":5}},{"start":{},"end":{}}],"line":46},"2":{"loc":{"start":{"line":51,"column":4},"end":{"line":56,"column":5}},"type":"if","locations":[{"start":{"line":51,"column":4},"end":{"line":56,"column":5}},{"start":{},"end":{}}],"line":51},"3":{"loc":{"start":{"line":58,"column":4},"end":{"line":63,"column":5}},"type":"if","locations":[{"start":{"line":58,"column":4},"end":{"line":63,"column":5}},{"start":{},"end":{}}],"line":58},"4":{"loc":{"start":{"line":81,"column":4},"end":{"line":84,"column":5}},"type":"if","locations":[{"start":{"line":81,"column":4},"end":{"line":84,"column":5}},{"start":{},"end":{}}],"line":81},"5":{"loc":{"start":{"line":98,"column":4},"end":{"line":101,"column":5}},"type":"if","locations":[{"start":{"line":98,"column":4},"end":{"line":101,"column":5}},{"start":{},"end":{}}],"line":98}},"s":{"0":3,"1":3,"2":8,"3":8,"4":7,"5":7,"6":1,"7":1,"8":0,"9":0,"10":0,"11":0,"12":0,"13":0,"14":0,"15":0,"16":0,"17":0,"18":0,"19":0,"20":0,"21":4,"22":4,"23":4,"24":0,"25":0,"26":4,"27":1,"28":1,"29":3,"30":2,"31":2,"32":1,"33":1,"34":1,"35":1,"36":2,"37":2,"38":0,"39":0,"40":0,"41":0,"42":0,"43":0,"44":0,"45":0,"46":0,"47":0,"48":0,"49":0,"50":0,"51":0,"52":0,"53":0,"54":0,"55":0,"56":0,"57":0,"58":3},"f":{"0":8,"1":0,"2":0,"3":4,"4":0,"5":0},"b":{"0":[0,0],"1":[0,4],"2":[1,3],"3":[2,1],"4":[0,0],"5":[0,0]},"_coverageSchema":"1a1c01bbd47fc00a2c39e90264f33305004495a9","hash":"33b3f44c9f935e4d295d2e3bd6fc7af8b8974c58"}
}
