TN:
SF:src\config\index.js
FNF:0
FNH:0
DA:1,5
DA:3,5
DA:13,5
LF:3
LH:3
BRDA:4,0,0,5
BRDA:4,0,1,0
BRDA:5,1,0,5
BRDA:5,1,1,0
BRDA:6,2,0,5
BRDA:6,2,1,0
BRDA:7,3,0,5
BRDA:7,3,1,0
BRDA:8,4,0,5
BRDA:8,4,1,0
BRDA:15,5,0,5
BRDA:15,5,1,0
BRDA:16,6,0,5
BRDA:16,6,1,0
BRDA:20,7,0,5
BRDA:20,7,1,0
BRF:16
BRH:8
end_of_record
TN:
SF:src\lib\logger.js
FN:4,(anonymous_0)
FNF:1
FNH:1
FNDA:70,(anonymous_0)
DA:1,4
DA:2,4
DA:4,4
DA:5,70
DA:8,4
DA:29,4
LF:6
LH:6
BRDA:5,0,0,70
BRDA:5,0,1,70
BRF:2
BRH:2
end_of_record
TN:
SF:src\models\customer.js
FN:1,(anonymous_0)
FNF:1
FNH:1
FNDA:5,(anonymous_0)
DA:1,5
DA:2,5
DA:50,5
LF:3
LH:3
BRF:0
BRH:0
end_of_record
TN:
SF:src\models\index.js
FN:26,(anonymous_0)
FN:34,(anonymous_1)
FN:42,(anonymous_2)
FNF:3
FNH:3
FNDA:25,(anonymous_0)
FNDA:20,(anonymous_1)
FNDA:20,(anonymous_2)
DA:3,5
DA:4,5
DA:5,5
DA:6,5
DA:7,5
DA:8,5
DA:9,5
DA:10,5
DA:14,5
DA:15,0
DA:17,5
DA:25,5
DA:27,25
DA:35,20
DA:39,20
DA:42,5
DA:43,20
DA:44,15
DA:48,5
DA:49,5
DA:51,5
LF:21
LH:20
BRDA:8,0,0,5
BRDA:8,0,1,0
BRDA:14,1,0,0
BRDA:14,1,1,5
BRDA:28,2,0,25
BRDA:28,2,1,25
BRDA:28,2,2,20
BRDA:28,2,3,20
BRDA:43,3,0,15
BRDA:43,3,1,5
BRF:10
BRH:8
end_of_record
TN:
SF:src\models\order.js
FN:1,(anonymous_0)
FN:50,(anonymous_1)
FNF:2
FNH:2
FNDA:5,(anonymous_0)
FNDA:5,(anonymous_1)
DA:1,5
DA:2,5
DA:50,5
DA:52,5
DA:57,5
DA:63,5
LF:6
LH:6
BRF:0
BRH:0
end_of_record
TN:
SF:src\models\orderItem.js
FN:4,(anonymous_0)
FN:6,(anonymous_1)
FNF:2
FNH:2
FNDA:5,(anonymous_0)
FNDA:5,(anonymous_1)
DA:2,5
DA:4,5
DA:7,5
DA:8,5
DA:15,5
DA:29,5
LF:6
LH:6
BRF:0
BRH:0
end_of_record
TN:
SF:src\models\product.js
FN:4,(anonymous_0)
FN:6,(anonymous_1)
FNF:2
FNH:2
FNDA:5,(anonymous_0)
FNDA:5,(anonymous_1)
DA:2,5
DA:4,5
DA:8,5
DA:47,5
LF:4
LH:4
BRF:0
BRH:0
end_of_record
TN:
SF:src\services\customerService.js
FN:5,normalizePhone
FN:13,listCustomers
FN:27,getCustomerById
FN:40,createCustomer
FN:74,updateCustomer
FN:96,deleteCustomer
FNF:6
FNH:3
FNDA:12,normalizePhone
FNDA:1,listCustomers
FNDA:0,getCustomerById
FNDA:12,createCustomer
FNDA:0,updateCustomer
FNDA:0,deleteCustomer
DA:1,2
DA:2,2
DA:3,2
DA:6,12
DA:7,12
DA:8,12
DA:9,12
DA:10,12
DA:14,1
DA:15,1
DA:19,1
DA:20,1
DA:22,0
DA:23,0
DA:28,0
DA:29,0
DA:30,0
DA:31,0
DA:33,0
DA:35,0
DA:36,0
DA:41,12
DA:42,12
DA:43,12
DA:46,12
DA:47,12
DA:48,12
DA:50,12
DA:51,12
DA:57,12
DA:58,4
DA:61,4
DA:65,8
DA:66,7
DA:67,7
DA:69,5
DA:70,5
DA:75,0
DA:76,0
DA:77,0
DA:78,0
DA:79,0
DA:82,0
DA:83,0
DA:86,0
DA:87,0
DA:89,0
DA:91,0
DA:92,0
DA:97,0
DA:98,0
DA:99,0
DA:100,0
DA:101,0
DA:104,0
DA:105,0
DA:107,0
DA:109,0
DA:110,0
DA:114,2
LF:60
LH:29
BRDA:6,0,0,0
BRDA:6,0,1,12
BRDA:8,1,0,0
BRDA:8,1,1,12
BRDA:9,2,0,5
BRDA:9,2,1,7
BRDA:10,3,0,12
BRDA:10,3,1,0
BRDA:30,4,0,0
BRDA:30,4,1,0
BRDA:42,5,0,12
BRDA:42,5,1,0
BRDA:47,6,0,11
BRDA:47,6,1,1
BRDA:48,7,0,12
BRDA:48,7,1,0
BRDA:50,8,0,12
BRDA:50,8,1,0
BRDA:57,9,0,4
BRDA:57,9,1,8
BRDA:77,10,0,0
BRDA:77,10,1,0
BRDA:82,11,0,0
BRDA:82,11,1,0
BRDA:99,12,0,0
BRDA:99,12,1,0
BRF:26
BRH:12
end_of_record
TN:
SF:src\services\orderService.js
FN:5,createOrder
FN:68,(anonymous_1)
FN:94,listOrders
FN:124,getOrderById
FN:144,updateOrder
FN:165,deleteOrder
FNF:6
FNH:3
FNDA:3,createOrder
FNDA:1,(anonymous_1)
FNDA:1,listOrders
FNDA:0,getOrderById
FNDA:0,updateOrder
FNDA:0,deleteOrder
DA:1,1
DA:2,1
DA:3,1
DA:6,3
DA:7,3
DA:9,3
DA:10,3
DA:12,3
DA:13,3
DA:14,3
DA:17,2
DA:19,1
DA:20,1
DA:24,0
DA:28,2
DA:29,0
DA:32,2
DA:33,2
DA:35,2
DA:36,2
DA:37,2
DA:42,1
DA:45,1
DA:47,1
DA:53,0
DA:54,0
DA:57,1
DA:66,1
DA:67,1
DA:68,1
DA:73,1
DA:76,1
DA:77,1
DA:79,1
DA:83,1
DA:84,1
DA:86,2
DA:87,2
DA:89,2
DA:90,2
DA:95,1
DA:96,1
DA:97,1
DA:98,1
DA:100,1
DA:116,1
DA:117,1
DA:119,0
DA:120,0
DA:125,0
DA:126,0
DA:133,0
DA:134,0
DA:137,0
DA:139,0
DA:140,0
DA:145,0
DA:146,0
DA:147,0
DA:148,0
DA:149,0
DA:152,0
DA:153,0
DA:156,0
DA:157,0
DA:158,0
DA:160,0
DA:161,0
DA:166,0
DA:167,0
DA:168,0
DA:169,0
DA:170,0
DA:172,0
DA:173,0
DA:174,0
DA:176,0
DA:177,0
DA:181,1
LF:79
LH:44
BRDA:12,0,0,3
BRDA:12,0,1,0
BRDA:12,1,0,3
BRDA:12,1,1,3
BRDA:19,2,0,1
BRDA:19,2,1,0
BRDA:28,3,0,0
BRDA:28,3,1,2
BRDA:35,4,0,2
BRDA:35,4,1,0
BRDA:35,5,0,2
BRDA:35,5,1,2
BRDA:42,6,0,0
BRDA:42,6,1,1
BRDA:53,7,0,0
BRDA:53,7,1,0
BRDA:61,8,0,1
BRDA:61,8,1,1
BRDA:67,9,0,1
BRDA:67,9,1,0
BRDA:86,10,0,2
BRDA:86,10,1,0
BRDA:86,11,0,2
BRDA:86,11,1,2
BRDA:94,12,0,0
BRDA:97,13,0,0
BRDA:97,13,1,1
BRDA:98,14,0,1
BRDA:98,14,1,0
BRDA:133,15,0,0
BRDA:133,15,1,0
BRDA:147,16,0,0
BRDA:147,16,1,0
BRDA:152,17,0,0
BRDA:152,17,1,0
BRDA:168,18,0,0
BRDA:168,18,1,0
BRF:37
BRH:17
end_of_record
TN:
SF:src\services\productService.js
FN:4,createProduct
FN:17,listProducts
FN:30,getProductById
FN:43,decreaseStock
FN:78,updateProduct
FN:95,deleteProduct
FNF:6
FNH:2
FNDA:8,createProduct
FNDA:0,listProducts
FNDA:0,getProductById
FNDA:4,decreaseStock
FNDA:0,updateProduct
FNDA:0,deleteProduct
DA:1,3
DA:2,3
DA:5,8
DA:6,8
DA:7,7
DA:10,7
DA:12,1
DA:13,1
DA:18,0
DA:19,0
DA:22,0
DA:23,0
DA:25,0
DA:26,0
DA:31,0
DA:32,0
DA:33,0
DA:34,0
DA:36,0
DA:38,0
DA:39,0
DA:44,4
DA:45,4
DA:46,4
DA:47,0
DA:48,0
DA:51,4
DA:52,1
DA:55,1
DA:58,3
DA:59,2
DA:62,2
DA:65,1
DA:66,1
DA:68,1
DA:71,1
DA:73,2
DA:74,2
DA:79,0
DA:80,0
DA:81,0
DA:82,0
DA:83,0
DA:86,0
DA:87,0
DA:88,0
DA:90,0
DA:91,0
DA:96,0
DA:97,0
DA:98,0
DA:99,0
DA:100,0
DA:103,0
DA:104,0
DA:105,0
DA:107,0
DA:108,0
DA:112,3
LF:59
LH:24
BRDA:33,0,0,0
BRDA:33,0,1,0
BRDA:46,1,0,0
BRDA:46,1,1,4
BRDA:51,2,0,1
BRDA:51,2,1,3
BRDA:58,3,0,2
BRDA:58,3,1,1
BRDA:81,4,0,0
BRDA:81,4,1,0
BRDA:98,5,0,0
BRDA:98,5,1,0
BRF:12
BRH:5
end_of_record
